2012/11/17 08:12:07 [error] [php] htmlspecialchars() expects parameter 1 to be string, array given (C:\wamp\www\YRoot\framework\web\helpers\CHtml.php:85)
Stack trace:
#0 C:\wamp\www\YRoot\framework\web\helpers\CHtml.php(140): renderAttributes()
#1 C:\wamp\www\YRoot\framework\web\helpers\CHtml.php(1135): tag()
#2 C:\wamp\www\YRoot\framework\web\helpers\CHtml.php(567): inputField()
#3 C:\wamp\www\MediCheck\protected\views\patient\_form.php(31): textField()
#4 C:\wamp\www\YRoot\framework\web\CBaseController.php(127): require()
#5 C:\wamp\www\YRoot\framework\web\CBaseController.php(96): PatientController->renderInternal()
#6 C:\wamp\www\YRoot\framework\web\CController.php(870): PatientController->renderFile()
#7 C:\wamp\www\MediCheck\protected\views\patient\create.php(18): PatientController->renderPartial()
#8 C:\wamp\www\YRoot\framework\web\CBaseController.php(127): require()
#9 C:\wamp\www\YRoot\framework\web\CBaseController.php(96): PatientController->renderInternal()
#10 C:\wamp\www\YRoot\framework\web\CController.php(870): PatientController->renderFile()
#11 C:\wamp\www\YRoot\framework\web\CController.php(783): PatientController->renderPartial()
#12 C:\wamp\www\MediCheck\protected\controllers\PatientController.php(79): PatientController->render()
#13 C:\wamp\www\YRoot\framework\web\actions\CInlineAction.php(50): PatientController->actionCreate()
#14 C:\wamp\www\YRoot\framework\web\CController.php(309): CInlineAction->runWithParams()
#15 C:\wamp\www\YRoot\framework\web\filters\CFilterChain.php(134): PatientController->runAction()
#16 C:\wamp\www\YRoot\framework\web\filters\CFilter.php(41): CFilterChain->run()
#17 C:\wamp\www\YRoot\framework\web\CController.php(1146): CAccessControlFilter->filter()
#18 C:\wamp\www\YRoot\framework\web\filters\CInlineFilter.php(59): PatientController->filterAccessControl()
#19 C:\wamp\www\YRoot\framework\web\filters\CFilterChain.php(131): CInlineFilter->filter()
#20 C:\wamp\www\YRoot\framework\web\CController.php(292): CFilterChain->run()
#21 C:\wamp\www\YRoot\framework\web\CController.php(266): PatientController->runActionWithFilters()
#22 C:\wamp\www\YRoot\framework\web\CWebApplication.php(283): PatientController->run()
#23 C:\wamp\www\YRoot\framework\web\CWebApplication.php(142): CWebApplication->runController()
#24 C:\wamp\www\YRoot\framework\base\CApplication.php(162): CWebApplication->processRequest()
#25 C:\wamp\www\MediCheck\index.php(13): CWebApplication->run()
REQUEST_URI=/MediCheck/index.php?r=patient/create
in C:\wamp\www\MediCheck\protected\views\patient\_form.php (31)
in C:\wamp\www\MediCheck\protected\views\patient\create.php (18)
in C:\wamp\www\MediCheck\protected\controllers\PatientController.php (79)
2012/11/17 08:12:30 [error] [php] htmlspecialchars() expects parameter 1 to be string, array given (C:\wamp\www\YRoot\framework\web\helpers\CHtml.php:85)
Stack trace:
#0 C:\wamp\www\YRoot\framework\web\helpers\CHtml.php(140): renderAttributes()
#1 C:\wamp\www\YRoot\framework\web\helpers\CHtml.php(1135): tag()
#2 C:\wamp\www\YRoot\framework\web\helpers\CHtml.php(567): inputField()
#3 C:\wamp\www\MediCheck\protected\views\patient\_form.php(31): textField()
#4 C:\wamp\www\YRoot\framework\web\CBaseController.php(127): require()
#5 C:\wamp\www\YRoot\framework\web\CBaseController.php(96): PatientController->renderInternal()
#6 C:\wamp\www\YRoot\framework\web\CController.php(870): PatientController->renderFile()
#7 C:\wamp\www\MediCheck\protected\views\patient\create.php(18): PatientController->renderPartial()
#8 C:\wamp\www\YRoot\framework\web\CBaseController.php(127): require()
#9 C:\wamp\www\YRoot\framework\web\CBaseController.php(96): PatientController->renderInternal()
#10 C:\wamp\www\YRoot\framework\web\CController.php(870): PatientController->renderFile()
#11 C:\wamp\www\YRoot\framework\web\CController.php(783): PatientController->renderPartial()
#12 C:\wamp\www\MediCheck\protected\controllers\PatientController.php(79): PatientController->render()
#13 C:\wamp\www\YRoot\framework\web\actions\CInlineAction.php(50): PatientController->actionCreate()
#14 C:\wamp\www\YRoot\framework\web\CController.php(309): CInlineAction->runWithParams()
#15 C:\wamp\www\YRoot\framework\web\filters\CFilterChain.php(134): PatientController->runAction()
#16 C:\wamp\www\YRoot\framework\web\filters\CFilter.php(41): CFilterChain->run()
#17 C:\wamp\www\YRoot\framework\web\CController.php(1146): CAccessControlFilter->filter()
#18 C:\wamp\www\YRoot\framework\web\filters\CInlineFilter.php(59): PatientController->filterAccessControl()
#19 C:\wamp\www\YRoot\framework\web\filters\CFilterChain.php(131): CInlineFilter->filter()
#20 C:\wamp\www\YRoot\framework\web\CController.php(292): CFilterChain->run()
#21 C:\wamp\www\YRoot\framework\web\CController.php(266): PatientController->runActionWithFilters()
#22 C:\wamp\www\YRoot\framework\web\CWebApplication.php(283): PatientController->run()
#23 C:\wamp\www\YRoot\framework\web\CWebApplication.php(142): CWebApplication->runController()
#24 C:\wamp\www\YRoot\framework\base\CApplication.php(162): CWebApplication->processRequest()
#25 C:\wamp\www\MediCheck\index.php(13): CWebApplication->run()
REQUEST_URI=/MediCheck/index.php?r=patient/create
in C:\wamp\www\MediCheck\protected\views\patient\_form.php (31)
in C:\wamp\www\MediCheck\protected\views\patient\create.php (18)
in C:\wamp\www\MediCheck\protected\controllers\PatientController.php (79)
2012/11/17 08:12:32 [error] [php] htmlspecialchars() expects parameter 1 to be string, array given (C:\wamp\www\YRoot\framework\web\helpers\CHtml.php:85)
Stack trace:
#0 C:\wamp\www\YRoot\framework\web\helpers\CHtml.php(140): renderAttributes()
#1 C:\wamp\www\YRoot\framework\web\helpers\CHtml.php(1135): tag()
#2 C:\wamp\www\YRoot\framework\web\helpers\CHtml.php(567): inputField()
#3 C:\wamp\www\MediCheck\protected\views\patient\_form.php(31): textField()
#4 C:\wamp\www\YRoot\framework\web\CBaseController.php(127): require()
#5 C:\wamp\www\YRoot\framework\web\CBaseController.php(96): PatientController->renderInternal()
#6 C:\wamp\www\YRoot\framework\web\CController.php(870): PatientController->renderFile()
#7 C:\wamp\www\MediCheck\protected\views\patient\create.php(18): PatientController->renderPartial()
#8 C:\wamp\www\YRoot\framework\web\CBaseController.php(127): require()
#9 C:\wamp\www\YRoot\framework\web\CBaseController.php(96): PatientController->renderInternal()
#10 C:\wamp\www\YRoot\framework\web\CController.php(870): PatientController->renderFile()
#11 C:\wamp\www\YRoot\framework\web\CController.php(783): PatientController->renderPartial()
#12 C:\wamp\www\MediCheck\protected\controllers\PatientController.php(79): PatientController->render()
#13 C:\wamp\www\YRoot\framework\web\actions\CInlineAction.php(50): PatientController->actionCreate()
#14 C:\wamp\www\YRoot\framework\web\CController.php(309): CInlineAction->runWithParams()
#15 C:\wamp\www\YRoot\framework\web\filters\CFilterChain.php(134): PatientController->runAction()
#16 C:\wamp\www\YRoot\framework\web\filters\CFilter.php(41): CFilterChain->run()
#17 C:\wamp\www\YRoot\framework\web\CController.php(1146): CAccessControlFilter->filter()
#18 C:\wamp\www\YRoot\framework\web\filters\CInlineFilter.php(59): PatientController->filterAccessControl()
#19 C:\wamp\www\YRoot\framework\web\filters\CFilterChain.php(131): CInlineFilter->filter()
#20 C:\wamp\www\YRoot\framework\web\CController.php(292): CFilterChain->run()
#21 C:\wamp\www\YRoot\framework\web\CController.php(266): PatientController->runActionWithFilters()
#22 C:\wamp\www\YRoot\framework\web\CWebApplication.php(283): PatientController->run()
#23 C:\wamp\www\YRoot\framework\web\CWebApplication.php(142): CWebApplication->runController()
#24 C:\wamp\www\YRoot\framework\base\CApplication.php(162): CWebApplication->processRequest()
#25 C:\wamp\www\MediCheck\index.php(13): CWebApplication->run()
REQUEST_URI=/MediCheck/index.php?r=patient/create
in C:\wamp\www\MediCheck\protected\views\patient\_form.php (31)
in C:\wamp\www\MediCheck\protected\views\patient\create.php (18)
in C:\wamp\www\MediCheck\protected\controllers\PatientController.php (79)
2012/11/17 08:16:52 [error] [system.db.CDbCommand] CDbCommand::fetchAll() failed: SQLSTATE[42S02]: Base table or view not found: 1146 Table 'patient.user' doesn't exist. The SQL statement executed was: SHOW COLUMNS FROM `user`.
in C:\wamp\www\MediCheck\index.php (13)
2012/11/17 08:41:43 [error] [exception.CHttpException.404] exception 'CHttpException' with message 'Unable to resolve the request "paitent".' in C:\wamp\www\YRoot\framework\web\CWebApplication.php:287
Stack trace:
#0 C:\wamp\www\YRoot\framework\web\CWebApplication.php(142): CWebApplication->runController('paitent')
#1 C:\wamp\www\YRoot\framework\base\CApplication.php(162): CWebApplication->processRequest()
#2 C:\wamp\www\MediCheck\index.php(13): CApplication->run()
#3 {main}
REQUEST_URI=/MediCheck/index.php?r=paitent
---
2012/11/17 11:29:31 [error] [exception.CException] exception 'CException' with message 'Property "CWebUser.level" is not defined.' in C:\wamp\www\YRoot\framework\base\CComponent.php:131
Stack trace:
#0 C:\wamp\www\YRoot\framework\web\auth\CWebUser.php(141): CComponent->__get('level')
#1 C:\wamp\www\MediCheck\protected\views\layouts\main.php(40): CWebUser->__get('level')
#2 C:\wamp\www\YRoot\framework\web\CBaseController.php(127): require('C:\wamp\www\Med...')
#3 C:\wamp\www\YRoot\framework\web\CBaseController.php(96): CBaseController->renderInternal('C:\wamp\www\Med...', Array, true)
#4 C:\wamp\www\YRoot\framework\web\widgets\CContentDecorator.php(77): CBaseController->renderFile('C:\wamp\www\Med...', Array, true)
#5 C:\wamp\www\YRoot\framework\web\widgets\CContentDecorator.php(55): CContentDecorator->decorate('<div id="conten...')
#6 C:\wamp\www\YRoot\framework\web\widgets\COutputProcessor.php(45): CContentDecorator->processOutput('<div id="conten...')
#7 C:\wamp\www\YRoot\framework\web\CBaseController.php(207): COutputProcessor->run()
#8 C:\wamp\www\YRoot\framework\web\CBaseController.php(301): CBaseController->endWidget('CContentDecorat...')
#9 C:\wamp\www\MediCheck\protected\views\layouts\column1.php(6): CBaseController->endContent()
#10 C:\wamp\www\YRoot\framework\web\CBaseController.php(127): require('C:\wamp\www\Med...')
#11 C:\wamp\www\YRoot\framework\web\CBaseController.php(96): CBaseController->renderInternal('C:\wamp\www\Med...', Array, true)
#12 C:\wamp\www\YRoot\framework\web\CController.php(785): CBaseController->renderFile('C:\wamp\www\Med...', Array, true)
#13 C:\wamp\www\MediCheck\protected\controllers\SiteController.php(32): CController->render('index')
#14 C:\wamp\www\YRoot\framework\web\actions\CInlineAction.php(50): SiteController->actionIndex()
#15 C:\wamp\www\YRoot\framework\web\CController.php(309): CInlineAction->runWithParams(Array)
#16 C:\wamp\www\YRoot\framework\web\CController.php(287): CController->runAction(Object(CInlineAction))
#17 C:\wamp\www\YRoot\framework\web\CController.php(266): CController->runActionWithFilters(Object(CInlineAction), Array)
#18 C:\wamp\www\YRoot\framework\web\CWebApplication.php(283): CController->run('')
#19 C:\wamp\www\YRoot\framework\web\CWebApplication.php(142): CWebApplication->runController('')
#20 C:\wamp\www\YRoot\framework\base\CApplication.php(162): CWebApplication->processRequest()
#21 C:\wamp\www\MediCheck\index.php(13): CApplication->run()
#22 {main}
REQUEST_URI=/MediCheck/index.php
HTTP_REFERER=http://localhost/MediCheck/index.php
---
2012/11/17 11:29:38 [error] [exception.CException] exception 'CException' with message 'Property "CWebUser.level" is not defined.' in C:\wamp\www\YRoot\framework\base\CComponent.php:131
Stack trace:
#0 C:\wamp\www\YRoot\framework\web\auth\CWebUser.php(141): CComponent->__get('level')
#1 C:\wamp\www\MediCheck\protected\views\layouts\main.php(40): CWebUser->__get('level')
#2 C:\wamp\www\YRoot\framework\web\CBaseController.php(127): require('C:\wamp\www\Med...')
#3 C:\wamp\www\YRoot\framework\web\CBaseController.php(96): CBaseController->renderInternal('C:\wamp\www\Med...', Array, true)
#4 C:\wamp\www\YRoot\framework\web\widgets\CContentDecorator.php(77): CBaseController->renderFile('C:\wamp\www\Med...', Array, true)
#5 C:\wamp\www\YRoot\framework\web\widgets\CContentDecorator.php(55): CContentDecorator->decorate('<div id="conten...')
#6 C:\wamp\www\YRoot\framework\web\widgets\COutputProcessor.php(45): CContentDecorator->processOutput('<div id="conten...')
#7 C:\wamp\www\YRoot\framework\web\CBaseController.php(207): COutputProcessor->run()
#8 C:\wamp\www\YRoot\framework\web\CBaseController.php(301): CBaseController->endWidget('CContentDecorat...')
#9 C:\wamp\www\MediCheck\protected\views\layouts\column1.php(6): CBaseController->endContent()
#10 C:\wamp\www\YRoot\framework\web\CBaseController.php(127): require('C:\wamp\www\Med...')
#11 C:\wamp\www\YRoot\framework\web\CBaseController.php(96): CBaseController->renderInternal('C:\wamp\www\Med...', Array, true)
#12 C:\wamp\www\YRoot\framework\web\CController.php(785): CBaseController->renderFile('C:\wamp\www\Med...', Array, true)
#13 C:\wamp\www\MediCheck\protected\controllers\SiteController.php(98): CController->render('login', Array)
#14 C:\wamp\www\YRoot\framework\web\actions\CInlineAction.php(50): SiteController->actionLogin()
#15 C:\wamp\www\YRoot\framework\web\CController.php(309): CInlineAction->runWithParams(Array)
#16 C:\wamp\www\YRoot\framework\web\CController.php(287): CController->runAction(Object(CInlineAction))
#17 C:\wamp\www\YRoot\framework\web\CController.php(266): CController->runActionWithFilters(Object(CInlineAction), Array)
#18 C:\wamp\www\YRoot\framework\web\CWebApplication.php(283): CController->run('login')
#19 C:\wamp\www\YRoot\framework\web\CWebApplication.php(142): CWebApplication->runController('site/login')
#20 C:\wamp\www\YRoot\framework\base\CApplication.php(162): CWebApplication->processRequest()
#21 C:\wamp\www\MediCheck\index.php(13): CApplication->run()
#22 {main}
REQUEST_URI=/MediCheck/index.php?r=site/login
HTTP_REFERER=http://localhost/MediCheck/index.php?r=prescription/create
---
2012/11/17 11:34:51 [error] [exception.CException] exception 'CException' with message 'Property "CWebUser.level" is not defined.' in C:\wamp\www\YRoot\framework\base\CComponent.php:131
Stack trace:
#0 C:\wamp\www\YRoot\framework\web\auth\CWebUser.php(141): CComponent->__get('level')
#1 C:\wamp\www\MediCheck\protected\views\layouts\main.php(35): CWebUser->__get('level')
#2 C:\wamp\www\YRoot\framework\web\CBaseController.php(127): require('C:\wamp\www\Med...')
#3 C:\wamp\www\YRoot\framework\web\CBaseController.php(96): CBaseController->renderInternal('C:\wamp\www\Med...', Array, true)
#4 C:\wamp\www\YRoot\framework\web\widgets\CContentDecorator.php(77): CBaseController->renderFile('C:\wamp\www\Med...', Array, true)
#5 C:\wamp\www\YRoot\framework\web\widgets\CContentDecorator.php(55): CContentDecorator->decorate('<div id="conten...')
#6 C:\wamp\www\YRoot\framework\web\widgets\COutputProcessor.php(45): CContentDecorator->processOutput('<div id="conten...')
#7 C:\wamp\www\YRoot\framework\web\CBaseController.php(207): COutputProcessor->run()
#8 C:\wamp\www\YRoot\framework\web\CBaseController.php(301): CBaseController->endWidget('CContentDecorat...')
#9 C:\wamp\www\MediCheck\protected\views\layouts\column1.php(6): CBaseController->endContent()
#10 C:\wamp\www\YRoot\framework\web\CBaseController.php(127): require('C:\wamp\www\Med...')
#11 C:\wamp\www\YRoot\framework\web\CBaseController.php(96): CBaseController->renderInternal('C:\wamp\www\Med...', Array, true)
#12 C:\wamp\www\YRoot\framework\web\CController.php(785): CBaseController->renderFile('C:\wamp\www\Med...', Array, true)
#13 C:\wamp\www\MediCheck\protected\controllers\SiteController.php(32): CController->render('index')
#14 C:\wamp\www\YRoot\framework\web\actions\CInlineAction.php(50): SiteController->actionIndex()
#15 C:\wamp\www\YRoot\framework\web\CController.php(309): CInlineAction->runWithParams(Array)
#16 C:\wamp\www\YRoot\framework\web\CController.php(287): CController->runAction(Object(CInlineAction))
#17 C:\wamp\www\YRoot\framework\web\CController.php(266): CController->runActionWithFilters(Object(CInlineAction), Array)
#18 C:\wamp\www\YRoot\framework\web\CWebApplication.php(283): CController->run('')
#19 C:\wamp\www\YRoot\framework\web\CWebApplication.php(142): CWebApplication->runController('')
#20 C:\wamp\www\YRoot\framework\base\CApplication.php(162): CWebApplication->processRequest()
#21 C:\wamp\www\MediCheck\index.php(13): CApplication->run()
#22 {main}
REQUEST_URI=/MediCheck/
HTTP_REFERER=http://localhost/
---
2012/11/17 11:40:17 [error] [exception.CHttpException.403] exception 'CHttpException' with message 'You are not authorized to perform this action.' in C:\wamp\www\YRoot\framework\web\auth\CAccessControlFilter.php:170
Stack trace:
#0 C:\wamp\www\YRoot\framework\web\auth\CAccessControlFilter.php(133): CAccessControlFilter->accessDenied(Object(CWebUser), 'You are not aut...')
#1 C:\wamp\www\YRoot\framework\web\filters\CFilter.php(39): CAccessControlFilter->preFilter(Object(CFilterChain))
#2 C:\wamp\www\YRoot\framework\web\CController.php(1146): CFilter->filter(Object(CFilterChain))
#3 C:\wamp\www\YRoot\framework\web\filters\CInlineFilter.php(59): CController->filterAccessControl(Object(CFilterChain))
#4 C:\wamp\www\YRoot\framework\web\filters\CFilterChain.php(131): CInlineFilter->filter(Object(CFilterChain))
#5 C:\wamp\www\YRoot\framework\web\CController.php(292): CFilterChain->run()
#6 C:\wamp\www\YRoot\framework\web\CController.php(266): CController->runActionWithFilters(Object(CInlineAction), Array)
#7 C:\wamp\www\YRoot\framework\web\CWebApplication.php(283): CController->run('admin')
#8 C:\wamp\www\YRoot\framework\web\CWebApplication.php(142): CWebApplication->runController('patient/admin')
#9 C:\wamp\www\YRoot\framework\base\CApplication.php(162): CWebApplication->processRequest()
#10 C:\wamp\www\MediCheck\index.php(13): CApplication->run()
#11 {main}
REQUEST_URI=/MediCheck/index.php?r=patient/admin
HTTP_REFERER=http://localhost/MediCheck/index.php?r=patient
---
2012/11/17 16:18:36 [error] [exception.CException] exception 'CException' with message 'Property "CActiveForm.class" is not defined.' in C:\wamp\www\MediCheck\MediCare\yii\framework\base\CComponent.php:174
Stack trace:
#0 C:\wamp\www\MediCheck\MediCare\yii\framework\web\CWidgetFactory.php(162): CComponent->__set('class', 'form-signin')
#1 C:\wamp\www\MediCheck\MediCare\yii\framework\web\CBaseController.php(147): CWidgetFactory->createWidget(Object(SiteController), 'CActiveForm', Array)
#2 C:\wamp\www\MediCheck\MediCare\yii\framework\web\CBaseController.php(190): CBaseController->createWidget('CActiveForm', Array)
#3 C:\wamp\www\MediCheck\MediCare\MediCheck\protected\views\site\login.php(27): CBaseController->beginWidget('CActiveForm', Array)
#4 C:\wamp\www\MediCheck\MediCare\yii\framework\web\CBaseController.php(127): require('C:\wamp\www\Med...')
#5 C:\wamp\www\MediCheck\MediCare\yii\framework\web\CBaseController.php(96): CBaseController->renderInternal('C:\wamp\www\Med...', Array, true)
#6 C:\wamp\www\MediCheck\MediCare\yii\framework\web\CController.php(870): CBaseController->renderFile('C:\wamp\www\Med...', Array, true)
#7 C:\wamp\www\MediCheck\MediCare\yii\framework\web\CController.php(783): CController->renderPartial('login', Array, true)
#8 C:\wamp\www\MediCheck\MediCare\MediCheck\protected\controllers\SiteController.php(98): CController->render('login', Array)
#9 C:\wamp\www\MediCheck\MediCare\yii\framework\web\actions\CInlineAction.php(50): SiteController->actionLogin()
#10 C:\wamp\www\MediCheck\MediCare\yii\framework\web\CController.php(309): CInlineAction->runWithParams(Array)
#11 C:\wamp\www\MediCheck\MediCare\yii\framework\web\CController.php(287): CController->runAction(Object(CInlineAction))
#12 C:\wamp\www\MediCheck\MediCare\yii\framework\web\CController.php(266): CController->runActionWithFilters(Object(CInlineAction), Array)
#13 C:\wamp\www\MediCheck\MediCare\yii\framework\web\CWebApplication.php(276): CController->run('login')
#14 C:\wamp\www\MediCheck\MediCare\yii\framework\web\CWebApplication.php(135): CWebApplication->runController('site/login')
#15 C:\wamp\www\MediCheck\MediCare\yii\framework\base\CApplication.php(162): CWebApplication->processRequest()
#16 C:\wamp\www\MediCheck\MediCare\MediCheck\index.php(13): CApplication->run()
#17 {main}
REQUEST_URI=/medicheck/medicare/MediCheck/index.php?r=site/login
HTTP_REFERER=http://localhost/medicheck/medicare/MediCheck/index.php?r=site/contact
---
